<?xml version="1.0" encoding="UTF-8"?>
<!-- Generated by org.testng.reporters.JUnitXMLReporter -->
<testsuite hostname="Vepas-MBP" ignored="0" name="Test" tests="5" failures="2" timestamp="2020-05-26T21:50:31 CDT" time="22.096" errors="0">
  <testcase name="addEmployeePage" time="5.182" classname="com.test.AddEmployeeTest"/>
  <testcase name="emptyPasswordLogin" time="1.135" classname="com.test.LoginTest"/>
  <testcase name="emptyUsernameLogin" time="0.317" classname="com.test.LoginTest"/>
  <testcase name="invalidPasswordLogin" time="0.056" classname="com.test.LoginTest">
    <failure type="java.lang.IllegalArgumentException" message="Keys to send should be a not null CharSequence">
      <![CDATA[java.lang.IllegalArgumentException: Keys to send should be a not null CharSequence
at org.openqa.selenium.remote.RemoteWebElement.sendKeys(RemoteWebElement.java:97)
at org.openqa.selenium.support.pagefactory.internal.LocatingElementHandler.invoke(LocatingElementHandler.java:51)
at com.sun.proxy.$Proxy9.sendKeys(Unknown Source)
at com.utils.CommonMethods.sendText(CommonMethods.java:32)
at com.test.LoginTest.invalidPasswordLogin(LoginTest.java:51)
at java.util.ArrayList.forEach(ArrayList.java:1257)
... Removed 31 stack frames]]>
    </failure>
  </testcase> <!-- invalidPasswordLogin -->
  <testcase name="validAdminLogin" time="0.06" classname="com.test.LoginTest">
    <failure type="java.lang.IllegalArgumentException" message="Keys to send should be a not null CharSequence">
      <![CDATA[java.lang.IllegalArgumentException: Keys to send should be a not null CharSequence
at org.openqa.selenium.remote.RemoteWebElement.sendKeys(RemoteWebElement.java:97)
at org.openqa.selenium.support.pagefactory.internal.LocatingElementHandler.invoke(LocatingElementHandler.java:51)
at com.sun.proxy.$Proxy9.sendKeys(Unknown Source)
at com.utils.CommonMethods.sendText(CommonMethods.java:32)
at com.test.LoginTest.validAdminLogin(LoginTest.java:37)
at java.util.ArrayList.forEach(ArrayList.java:1257)
... Removed 31 stack frames]]>
    </failure>
  </testcase> <!-- validAdminLogin -->
</testsuite> <!-- Test -->
