<?xml version="1.0" encoding="UTF-8"?>
<!-- Generated by org.testng.reporters.JUnitXMLReporter -->
<testsuite hostname="Vepas-MBP" ignored="0" name="Listener Test" tests="2" failures="1" timestamp="2020-05-31T00:05:13 CDT" time="0.085" errors="0">
  <testcase name="Test1" time="0.015" classname="com.class04.ListenerDemo"/>
  <testcase name="Test2" time="0.002" classname="com.class04.ListenerDemo">
    <failure type="java.lang.AssertionError">
      <![CDATA[java.lang.AssertionError
at org.junit.Assert.fail(Assert.java:86)
at org.junit.Assert.assertTrue(Assert.java:41)
at org.junit.Assert.assertTrue(Assert.java:52)
at com.class04.ListenerDemo.Test2(ListenerDemo.java:17)
at java.util.ArrayList.forEach(ArrayList.java:1257)
... Removed 27 stack frames]]>
    </failure>
  </testcase> <!-- Test2 -->
</testsuite> <!-- Listener Test -->
